#-----------------------------------------------------------
# Vivado v2016.4 (64-bit)
# SW Build 1756540 on Mon Jan 23 19:11:23 MST 2017
# IP Build 1755317 on Mon Jan 23 20:30:07 MST 2017
# Start of session at: Wed May 17 23:32:11 2017
# Process ID: 5216
# Current directory: C:/Users/ErevJoach14/Desktop/meza/ROM
# Command line: vivado.exe -gui_launcher_event rodinguilauncherevent2476 C:\Users\ErevJoach14\Desktop\meza\ROM\ROM.xpr
# Log file: C:/Users/ErevJoach14/Desktop/meza/ROM/vivado.log
# Journal file: C:/Users/ErevJoach14/Desktop/meza/ROM\vivado.jou
#-----------------------------------------------------------
start_gui
open_project C:/Users/ErevJoach14/Desktop/meza/ROM/ROM.xpr
Scanning sources...
Finished scanning sources
INFO: [IP_Flow 19-234] Refreshing IP repositories
INFO: [IP_Flow 19-1704] No user IP repositories specified
INFO: [IP_Flow 19-2313] Loaded Vivado IP repository 'C:/Xilinx/Vivado/2016.4/data/ip'.
open_project: Time (s): cpu = 00:00:19 ; elapsed = 00:00:18 . Memory (MB): peak = 650.578 ; gain = 64.914
exit
INFO: [Common 17-206] Exiting Vivado at Wed May 17 23:47:44 2017...
