--------------------------------------------------------------------------------
Release 14.1 Trace  (nt64)
Copyright (c) 1995-2012 Xilinx, Inc.  All rights reserved.

C:\Xilinx\14.1\ISE_DS\ISE\bin\nt64\unwrapped\trce.exe -intstyle ise -v 3 -s 3
-n 3 -fastpaths -xml suma.twx suma.ncd -o suma.twr suma.pcf

Design file:              suma.ncd
Physical constraint file: suma.pcf
Device,package,speed:     xc6slx45,csg484,C,-3 (PRODUCTION 1.21 2012-04-23)
Report level:             verbose report

Environment Variable      Effect 
--------------------      ------ 
NONE                      No environment variables were set
--------------------------------------------------------------------------------

INFO:Timing:2698 - No timing constraints found, doing default enumeration.
INFO:Timing:3412 - To improve timing, see the Timing Closure User Guide (UG612).
INFO:Timing:2752 - To get complete path coverage, use the unconstrained paths 
   option. All paths that are not constrained will be reported in the 
   unconstrained paths section(s) of the report.
INFO:Timing:3339 - The clock-to-out numbers in this timing report are based on 
   a 50 Ohm transmission line loading model.  For the details of this model, 
   and for more information on accounting for different loading conditions, 
   please see the device datasheet.



Data Sheet report:
-----------------
All values displayed in nanoseconds (ns)

Pad to Pad
---------------+---------------+---------+
Source Pad     |Destination Pad|  Delay  |
---------------+---------------+---------+
cin            |cout           |    6.951|
cin            |s<0>           |    6.038|
cin            |s<1>           |    6.352|
cin            |s<2>           |    6.587|
cin            |s<3>           |    6.852|
x<0>           |cout           |    7.166|
x<0>           |s<0>           |    6.621|
x<0>           |s<1>           |    6.567|
x<0>           |s<2>           |    6.802|
x<0>           |s<3>           |    7.067|
x<1>           |cout           |    7.393|
x<1>           |s<1>           |    6.794|
x<1>           |s<2>           |    7.029|
x<1>           |s<3>           |    7.294|
x<2>           |cout           |    6.311|
x<2>           |s<2>           |    6.053|
x<2>           |s<3>           |    6.212|
x<3>           |cout           |    6.537|
x<3>           |s<3>           |    6.438|
y<0>           |cout           |    7.411|
y<0>           |s<0>           |    6.537|
y<0>           |s<1>           |    6.812|
y<0>           |s<2>           |    7.047|
y<0>           |s<3>           |    7.312|
y<1>           |cout           |    7.407|
y<1>           |s<1>           |    6.808|
y<1>           |s<2>           |    7.043|
y<1>           |s<3>           |    7.308|
y<2>           |cout           |    6.614|
y<2>           |s<2>           |    6.174|
y<2>           |s<3>           |    6.515|
y<3>           |cout           |    6.593|
y<3>           |s<3>           |    6.494|
---------------+---------------+---------+


Analysis completed Thu Feb 02 16:36:17 2017 
--------------------------------------------------------------------------------

Trace Settings:
-------------------------
Trace Settings 

Peak Memory Usage: 260 MB



